c:\users\game\desktop\3d tasksystem\debug\vc140.pdb
c:\users\game\desktop\3d tasksystem\debug\vc140.idb
c:\users\game\desktop\3d tasksystem\debug\dg2014_dgobject.obj
c:\users\game\desktop\3d tasksystem\debug\dg2014_effect.obj
c:\users\game\desktop\3d tasksystem\debug\dg2014_font.obj
c:\users\game\desktop\3d tasksystem\debug\dg2014_image.obj
c:\users\game\desktop\3d tasksystem\debug\dg2014_indexbuffer.obj
c:\users\game\desktop\3d tasksystem\debug\dg2014_inputlayout.obj
c:\users\game\desktop\3d tasksystem\debug\dg2014_mesh.obj
c:\users\game\desktop\3d tasksystem\debug\dg2014_meshsobfile.obj
c:\users\game\desktop\3d tasksystem\debug\dg2014_texture.obj
c:\users\game\desktop\3d tasksystem\debug\dg2014_ver3_51.obj
c:\users\game\desktop\3d tasksystem\debug\dg2014_vertexbuffer.obj
c:\users\game\desktop\3d tasksystem\debug\dg2014_vertexcontainer.obj
c:\users\game\desktop\3d tasksystem\debug\di2014_ver3_4.obj
c:\users\game\desktop\3d tasksystem\debug\easing.obj
c:\users\game\desktop\3d tasksystem\debug\mylib.obj
c:\users\game\desktop\3d tasksystem\debug\xnacollision.obj
c:\users\game\desktop\3d tasksystem\debug\gameengine_ver3_7.obj
c:\users\game\desktop\3d tasksystem\debug\mypg.obj
c:\users\game\desktop\3d tasksystem\debug\task_title.obj
c:\users\game\desktop\3d tasksystem\debug\winmain.obj
c:\users\game\desktop\3d tasksystem\debug\gravity.obj
c:\users\game\desktop\3d tasksystem\debug\task_map3d.obj
c:\users\game\desktop\3d tasksystem\debug\collision.obj
c:\users\game\desktop\3d tasksystem\debug\task_ball.obj
c:\users\game\desktop\3d tasksystem\debug\gpg.ilk
c:\users\game\desktop\3d tasksystem\debug\gpg.exe
c:\users\game\desktop\3d tasksystem\debug\gpg.pdb
c:\users\game\desktop\3d tasksystem\debug\gpg.tlog\cl.command.1.tlog
c:\users\game\desktop\3d tasksystem\debug\gpg.tlog\cl.read.1.tlog
c:\users\game\desktop\3d tasksystem\debug\gpg.tlog\cl.write.1.tlog
c:\users\game\desktop\3d tasksystem\debug\gpg.tlog\link.command.1.tlog
c:\users\game\desktop\3d tasksystem\debug\gpg.tlog\link.read.1.tlog
c:\users\game\desktop\3d tasksystem\debug\gpg.tlog\link.write.1.tlog
