  Bbox.cpp
  Collision.cpp
  GameEngine_Ver3_7.cpp
  Gravity.cpp
  MyMath.cpp
  MyPG.cpp
  Task_Ball.cpp
  Task_CameraMan.cpp
  Task_cursor.cpp
  Task_Effect_Manager.cpp
  Task_Game.cpp
  Task_MapCore.cpp
  Task_MapFence.cpp
  Task_MapSide.cpp
  Task_Map_Manager.cpp
  Task_Result.cpp
  Task_title.cpp
Task_title.cpp(121): warning C4244: '引数': 'float' から 'const int' への変換です。データが失われる可能性があります。
  Task_Tutorial.cpp
  Task_UI.cpp
  WinMain.cpp
  コード生成しています。
  60 of 5844 functions ( 1.0%) were compiled, the rest were copied from previous compilation.
    4 functions were new in current compilation
    7 functions had inline decision re-evaluated but remain unchanged
  コード生成が終了しました。
  GPG.vcxproj -> D:\17ci0414\asdf\Release\GPG.exe
