d:\17ci0414\asdf\release\vc141.pdb
d:\17ci0414\asdf\release\mylib.obj
d:\17ci0414\asdf\release\gravity.obj
d:\17ci0414\asdf\release\gameengine_ver3_7.obj
d:\17ci0414\asdf\release\easing.obj
d:\17ci0414\asdf\release\dm2008_ver1_3.obj
d:\17ci0414\asdf\release\di2014_ver3_4.obj
d:\17ci0414\asdf\release\dg2014_vertexcontainer.obj
d:\17ci0414\asdf\release\dg2014_vertexbuffer.obj
d:\17ci0414\asdf\release\dg2014_ver3_51.obj
d:\17ci0414\asdf\release\dg2014_texture.obj
d:\17ci0414\asdf\release\dg2014_meshsobfile.obj
d:\17ci0414\asdf\release\dg2014_mesh.obj
d:\17ci0414\asdf\release\dg2014_inputlayout.obj
d:\17ci0414\asdf\release\dg2014_indexbuffer.obj
d:\17ci0414\asdf\release\dg2014_image.obj
d:\17ci0414\asdf\release\dg2014_font.obj
d:\17ci0414\asdf\release\dg2014_effect.obj
d:\17ci0414\asdf\release\dg2014_dgobject.obj
d:\17ci0414\asdf\release\collision.obj
d:\17ci0414\asdf\release\bbox.obj
d:\17ci0414\asdf\release\xnacollision.obj
d:\17ci0414\asdf\release\winmain.obj
d:\17ci0414\asdf\release\task_ui.obj
d:\17ci0414\asdf\release\task_tutorial.obj
d:\17ci0414\asdf\release\task_title.obj
d:\17ci0414\asdf\release\task_result.obj
d:\17ci0414\asdf\release\task_map_manager.obj
d:\17ci0414\asdf\release\task_mapside.obj
d:\17ci0414\asdf\release\task_mapfence.obj
d:\17ci0414\asdf\release\task_mapcore.obj
d:\17ci0414\asdf\release\task_game.obj
d:\17ci0414\asdf\release\task_cursor.obj
d:\17ci0414\asdf\release\task_ball.obj
d:\17ci0414\asdf\release\mypg.obj
d:\17ci0414\asdf\release\gpg.ipdb
d:\17ci0414\asdf\release\gpg.iobj
d:\17ci0414\asdf\release\gpg.exe
d:\17ci0414\asdf\release\gpg.pdb
d:\17ci0414\asdf\release\gpg.tlog\cl.command.1.tlog
d:\17ci0414\asdf\release\gpg.tlog\cl.read.1.tlog
d:\17ci0414\asdf\release\gpg.tlog\cl.write.1.tlog
d:\17ci0414\asdf\release\gpg.tlog\gpg.write.1u.tlog
d:\17ci0414\asdf\release\gpg.tlog\link.command.1.tlog
d:\17ci0414\asdf\release\gpg.tlog\link.read.1.tlog
d:\17ci0414\asdf\release\gpg.tlog\link.write.1.tlog
